12:55:25.727 INFO [GridLauncherV3.parse] - Selenium server version: 3.141.59, revision: e82be7d358
12:55:25.828 INFO [GridLauncherV3.lambda$buildLaunchers$3] - Launching a standalone Selenium Server on port 4445
2019-08-31 12:55:25.905:INFO::main: Logging initialized @763ms to org.seleniumhq.jetty9.util.log.StdErrLog
12:55:26.165 INFO [WebDriverServlet.<init>] - Initialising WebDriverServlet
12:55:26.447 INFO [SeleniumServer.boot] - Selenium Server is up and running on port 4445
12:55:26.896 INFO [ActiveSessionFactory.apply] - Capabilities are: {
  "acceptSslCerts": true,
  "browserName": "chrome",
  "chromeOptions": {
    "w3c": false
  },
  "name": "Main Test"
}
12:55:26.898 INFO [ActiveSessionFactory.lambda$apply$11] - Matched factory org.openqa.selenium.grid.session.remote.ServicedSession$Factory (provider: org.openqa.selenium.chrome.ChromeDriverService)
Starting ChromeDriver 76.0.3809.126 (d80a294506b4c9d18015e755cee48f953ddc3f2f-refs/branch-heads/3809@{#1024}) on port 41098
Only local connections are allowed.
Please protect ports used by ChromeDriver and related test frameworks to prevent access by malicious code.
12:55:29.433 INFO [ProtocolHandshake.createSession] - Detected dialect: OSS
12:55:29.773 INFO [RemoteSession$Factory.lambda$performHandshake$0] - Started new session ebde3bc22fbd29d585465e0001e69349 (org.openqa.selenium.chrome.ChromeDriverService)
12:55:39.241 INFO [ActiveSessions$1.onStop] - Removing session ebde3bc22fbd29d585465e0001e69349 (org.openqa.selenium.chrome.ChromeDriverService)
